[INFO] Scanning for projects...
[INFO] 
[INFO] ------------------< com.example:pharmacy-management >-------------------
[INFO] Building pharmacy-management 0.0.1-SNAPSHOT
[INFO]   from pom.xml
[INFO] --------------------------------[ jar ]---------------------------------
[INFO] 
[INFO] --- maven-resources-plugin:3.3.1:resources (default-resources) @ pharmacy-management ---
[INFO] Copying 1 resource from src\main\resources to target\classes
[INFO] Copying 0 resource from src\main\resources to target\classes
[INFO] 
[INFO] --- maven-compiler-plugin:3.14.1:compile (default-compile) @ pharmacy-management ---
[INFO] Recompiling the module because of changed source code.
[INFO] Compiling 37 source files with javac [debug parameters release 17] to target\classes
[INFO] -------------------------------------------------------------
[ERROR] COMPILATION ERROR : 
[INFO] -------------------------------------------------------------
[ERROR] /T:/COURSES/Semester 7/Web Tech/pharmacy-management/src/main/java/com/example/pharmacymanagement/service/CustomerService.java:[16,19] cannot find symbol
  symbol:   class LocationRepository
  location: class com.example.pharmacymanagement.service.CustomerService
[ERROR] /T:/COURSES/Semester 7/Web Tech/pharmacy-management/src/main/java/com/example/pharmacymanagement/service/CustomerService.java:[18,67] cannot find symbol
  symbol:   class LocationRepository
  location: class com.example.pharmacymanagement.service.CustomerService
[ERROR] /T:/COURSES/Semester 7/Web Tech/pharmacy-management/src/main/java/com/example/pharmacymanagement/service/MedicineService.java:[16,19] cannot find symbol
  symbol:   class MedicineRepository
  location: class com.example.pharmacymanagement.service.MedicineService
[ERROR] /T:/COURSES/Semester 7/Web Tech/pharmacy-management/src/main/java/com/example/pharmacymanagement/service/MedicineService.java:[19,28] cannot find symbol
  symbol:   class MedicineRepository
  location: class com.example.pharmacymanagement.service.MedicineService
[ERROR] /T:/COURSES/Semester 7/Web Tech/pharmacy-management/src/main/java/com/example/pharmacymanagement/service/PharmacistService.java:[16,19] cannot find symbol
  symbol:   class PharmacistRepository
  location: class com.example.pharmacymanagement.service.PharmacistService
[ERROR] /T:/COURSES/Semester 7/Web Tech/pharmacy-management/src/main/java/com/example/pharmacymanagement/service/PharmacistService.java:[19,30] cannot find symbol
  symbol:   class PharmacistRepository
  location: class com.example.pharmacymanagement.service.PharmacistService
[INFO] 6 errors 
[INFO] -------------------------------------------------------------
[INFO] ------------------------------------------------------------------------
[INFO] BUILD FAILURE
[INFO] ------------------------------------------------------------------------
[INFO] Total time:  8.441 s
[INFO] Finished at: 2026-03-11T15:57:10+02:00
[INFO] ------------------------------------------------------------------------
[ERROR] Failed to execute goal org.apache.maven.plugins:maven-compiler-plugin:3.14.1:compile (default-compile) on project pharmacy-management: Compilation failure: Compilation failure: 
[ERROR] /T:/COURSES/Semester 7/Web Tech/pharmacy-management/src/main/java/com/example/pharmacymanagement/service/CustomerService.java:[16,19] cannot find symbol
[ERROR]   symbol:   class LocationRepository
[ERROR]   location: class com.example.pharmacymanagement.service.CustomerService
[ERROR] /T:/COURSES/Semester 7/Web Tech/pharmacy-management/src/main/java/com/example/pharmacymanagement/service/CustomerService.java:[18,67] cannot find symbol
[ERROR]   symbol:   class LocationRepository
[ERROR]   location: class com.example.pharmacymanagement.service.CustomerService
[ERROR] /T:/COURSES/Semester 7/Web Tech/pharmacy-management/src/main/java/com/example/pharmacymanagement/service/MedicineService.java:[16,19] cannot find symbol
[ERROR]   symbol:   class MedicineRepository
[ERROR]   location: class com.example.pharmacymanagement.service.MedicineService
[ERROR] /T:/COURSES/Semester 7/Web Tech/pharmacy-management/src/main/java/com/example/pharmacymanagement/service/MedicineService.java:[19,28] cannot find symbol
[ERROR]   symbol:   class MedicineRepository
[ERROR]   location: class com.example.pharmacymanagement.service.MedicineService
[ERROR] /T:/COURSES/Semester 7/Web Tech/pharmacy-management/src/main/java/com/example/pharmacymanagement/service/PharmacistService.java:[16,19] cannot find symbol
[ERROR]   symbol:   class PharmacistRepository
[ERROR]   location: class com.example.pharmacymanagement.service.PharmacistService
[ERROR] /T:/COURSES/Semester 7/Web Tech/pharmacy-management/src/main/java/com/example/pharmacymanagement/service/PharmacistService.java:[19,30] cannot find symbol
[ERROR]   symbol:   class PharmacistRepository
[ERROR]   location: class com.example.pharmacymanagement.service.PharmacistService
[ERROR] -> [Help 1]
[ERROR] 
[ERROR] To see the full stack trace of the errors, re-run Maven with the -e switch.
[ERROR] Re-run Maven using the -X switch to enable full debug logging.
[ERROR] 
[ERROR] For more information about the errors and possible solutions, please read the following articles:
[ERROR] [Help 1] http://cwiki.apache.org/confluence/display/MAVEN/MojoFailureException
