[INFO] Scanning for projects...
[INFO] 
[INFO] ------------------< com.example:pharmacy-management >-------------------
[INFO] Building pharmacy-management 0.0.1-SNAPSHOT
[INFO]   from pom.xml
[INFO] --------------------------------[ jar ]---------------------------------
[INFO] 
[INFO] >>> spring-boot-maven-plugin:4.0.3:run (default-cli) > test-compile @ pharmacy-management >>>
[INFO] 
[INFO] --- maven-resources-plugin:3.3.1:resources (default-resources) @ pharmacy-management ---
[INFO] Copying 1 resource from src\main\resources to target\classes
[INFO] Copying 0 resource from src\main\resources to target\classes
[INFO] 
[INFO] --- maven-compiler-plugin:3.14.1:compile (default-compile) @ pharmacy-management ---
[INFO] Nothing to compile - all classes are up to date.
[INFO] 
[INFO] --- maven-resources-plugin:3.3.1:testResources (default-testResources) @ pharmacy-management ---
[INFO] skip non existing resourceDirectory T:\COURSES\Semester 7\Web Tech\pharmacy-management\src\test\resources
[INFO] 
[INFO] --- maven-compiler-plugin:3.14.1:testCompile (default-testCompile) @ pharmacy-management ---
[INFO] No sources to compile
[INFO] 
[INFO] <<< spring-boot-maven-plugin:4.0.3:run (default-cli) < test-compile @ pharmacy-management <<<
[INFO] 
[INFO] 
[INFO] --- spring-boot-maven-plugin:4.0.3:run (default-cli) @ pharmacy-management ---
[INFO] Attaching agents: []

  .   ____          _            __ _ _
 /\\ / ___'_ __ _ _(_)_ __  __ _ \ \ \ \
( ( )\___ | '_ | '_| | '_ \/ _` | \ \ \ \
 \\/  ___)| |_)| | | | | || (_| |  ) ) ) )
  '  |____| .__|_| |_|_| |_\__, | / / / /
 =========|_|==============|___/=/_/_/_/

 :: Spring Boot ::                (v4.0.3)

2026-03-11T16:29:39.942+02:00  INFO 6480 --- [           main] c.e.p.PharmacyManagementApplication      : Starting PharmacyManagementApplication using Java 17.0.5 with PID 6480 (T:\COURSES\Semester 7\Web Tech\pharmacy-management\target\classes started by pc in T:\COURSES\Semester 7\Web Tech\pharmacy-management)
2026-03-11T16:29:39.948+02:00  INFO 6480 --- [           main] c.e.p.PharmacyManagementApplication      : No active profile set, falling back to 1 default profile: "default"
2026-03-11T16:29:41.072+02:00  INFO 6480 --- [           main] .s.d.r.c.RepositoryConfigurationDelegate : Bootstrapping Spring Data JPA repositories in DEFAULT mode.
2026-03-11T16:29:41.100+02:00  INFO 6480 --- [           main] .s.d.r.c.RepositoryConfigurationDelegate : Finished Spring Data repository scanning in 15 ms. Found 0 JPA repository interfaces.
2026-03-11T16:29:41.919+02:00  INFO 6480 --- [           main] o.s.boot.tomcat.TomcatWebServer          : Tomcat initialized with port 8080 (http)
2026-03-11T16:29:41.939+02:00  INFO 6480 --- [           main] o.apache.catalina.core.StandardService   : Starting service [Tomcat]
2026-03-11T16:29:41.939+02:00  INFO 6480 --- [           main] o.apache.catalina.core.StandardEngine    : Starting Servlet engine: [Apache Tomcat/11.0.18]
2026-03-11T16:29:42.019+02:00  INFO 6480 --- [           main] b.w.c.s.WebApplicationContextInitializer : Root WebApplicationContext: initialization completed in 1981 ms
2026-03-11T16:29:42.377+02:00  INFO 6480 --- [           main] org.hibernate.orm.jpa                    : HHH008540: Processing PersistenceUnitInfo [name: default]
2026-03-11T16:29:42.489+02:00  INFO 6480 --- [           main] org.hibernate.orm.core                   : HHH000001: Hibernate ORM core version 7.2.4.Final
2026-03-11T16:29:43.543+02:00  INFO 6480 --- [           main] o.s.o.j.p.SpringPersistenceUnitInfo      : No LoadTimeWeaver setup: ignoring JPA class transformer
2026-03-11T16:29:43.587+02:00  INFO 6480 --- [           main] com.zaxxer.hikari.HikariDataSource       : HikariPool-1 - Starting...
2026-03-11T16:29:43.875+02:00  INFO 6480 --- [           main] com.zaxxer.hikari.pool.HikariPool        : HikariPool-1 - Added connection org.postgresql.jdbc.PgConnection@7a3643e3
2026-03-11T16:29:43.878+02:00  INFO 6480 --- [           main] com.zaxxer.hikari.HikariDataSource       : HikariPool-1 - Start completed.
2026-03-11T16:29:43.926+02:00  WARN 6480 --- [           main] org.hibernate.orm.deprecation            : HHH90000025: PostgreSQLDialect does not need to be specified explicitly using 'hibernate.dialect' (remove the property setting and it will be selected by default)
2026-03-11T16:29:43.958+02:00  INFO 6480 --- [           main] org.hibernate.orm.connections.pooling    : HHH10001005: Database info:
	Database JDBC URL [jdbc:postgresql://localhost:5432/pharmacy_db]
	Database driver: PostgreSQL JDBC Driver
	Database dialect: PostgreSQLDialect
	Database version: 16.12
	Default catalog/schema: pharmacy_db/public
	Autocommit mode: undefined/unknown
	Isolation level: READ_COMMITTED [default READ_COMMITTED]
	JDBC fetch size: none
	Pool: DataSourceConnectionProvider
	Minimum pool size: undefined/unknown
	Maximum pool size: undefined/unknown
2026-03-11T16:29:44.621+02:00  INFO 6480 --- [           main] org.hibernate.orm.core                   : HHH000489: No JTA platform available (set 'hibernate.transaction.jta.platform' to enable JTA platform integration)
2026-03-11T16:29:44.639+02:00  INFO 6480 --- [           main] j.LocalContainerEntityManagerFactoryBean : Initialized JPA EntityManagerFactory for persistence unit 'default'
2026-03-11T16:29:44.726+02:00  WARN 6480 --- [           main] JpaBaseConfiguration$JpaWebConfiguration : spring.jpa.open-in-view is enabled by default. Therefore, database queries may be performed during view rendering. Explicitly configure spring.jpa.open-in-view to disable this warning
2026-03-11T16:29:45.242+02:00  INFO 6480 --- [           main] o.s.boot.tomcat.TomcatWebServer          : Tomcat started on port 8080 (http) with context path '/'
2026-03-11T16:29:45.250+02:00  INFO 6480 --- [           main] c.e.p.PharmacyManagementApplication      : Started PharmacyManagementApplication in 6.367 seconds (process running for 7.308)
^C